<?xml version="1.0" encoding="UTF-8"?>
<!-- Generated by org.testng.reporters.JUnitXMLReporter -->
<testsuite hostname="DESKTOP-77FABAN" name="Default test" tests="4" failures="0" timestamp="20 Jun 2022 05:02:47 GMT" time="9.03" errors="0">
  <testcase name="get_Method" time="5.502" classname="Test.pack.VerifyAuthor"/>
  <testcase name="post_Method" time="1.226" classname="Test.pack.VerifyAuthor"/>
  <testcase name="put_Method" time="1.089" classname="Test.pack.VerifyAuthor"/>
  <testcase name="delete_Method" time="1.178" classname="Test.pack.VerifyAuthor"/>
</testsuite> <!-- Default test -->
